<?xml version="1.0" encoding="UTF-8"?>
<!-- Generated by org.testng.reporters.JUnitReportReporter -->
<testsuite hostname="ryan-ThinkPad-T410" name="com.train.seleniumTest.TestMain" tests="1" failures="0" timestamp="28 Aug 2016 15:55:34 GMT" time="0.004" errors="0">
  <testcase name="testSayHello" time="0.004" classname="com.train.seleniumTest.TestMain"/>
</testsuite> <!-- com.train.seleniumTest.TestMain -->
