<?xml version="1.0" encoding="UTF-8"?>
<!-- Generated by org.testng.reporters.JUnitReportReporter -->
<testsuite hostname="ryan-ThinkPad-T410" name="com.train.seleniumTest.testBaidu" tests="2" failures="0" timestamp="28 Aug 2016 15:55:34 GMT" time="10.830" errors="0">
  <testcase name="testCase1" time="5.050" classname="com.train.seleniumTest.testBaidu"/>
  <testcase name="testCase" time="5.780" classname="com.train.seleniumTest.testBaidu"/>
</testsuite> <!-- com.train.seleniumTest.testBaidu -->
