<?xml version="1.0" encoding="UTF-8"?>
<!-- Generated by org.testng.reporters.JUnitReportReporter -->
<testsuite hostname="ryan-ThinkPad-T410" name="com.train.seleniumTest.Login163" tests="2" failures="0" timestamp="28 Aug 2016 15:55:34 GMT" time="17.775" errors="0">
  <testcase name="testlogin" time="6.465" classname="com.train.seleniumTest.Login163"/>
  <testcase name="ClickRecLink" time="11.310" classname="com.train.seleniumTest.Login163"/>
</testsuite> <!-- com.train.seleniumTest.Login163 -->
